This is pdfTeX, Version 3.141592653-2.6-1.40.25 (TeX Live 2023) (preloaded format=pdflatex 2024.2.4)  5 FEB 2024 06:14
entering extended mode
 restricted \write18 enabled.
 file:line:error style messages enabled.
 %&-line parsing enabled.
**/Users/dannickstark/Documents/Uni/MA/MA-Thesis/thesis.tex
(/Users/dannickstark/Documents/Uni/MA/MA-Thesis/thesis.tex
LaTeX2e <2023-11-01> patch level 1
L3 programming layer <2024-01-22>

! LaTeX Error: File `scrartcl.cls' not found.

Type X to quit or <RETURN> to proceed,
or enter new name. (Default extension: cls)

Enter file name: 
/Users/dannickstark/Documents/Uni/MA/MA-Thesis/thesis.tex:8: Emergency stop.
<read *> 
         
l.8 ^^M
       
*** (cannot \read from terminal in nonstop modes)

 
Here is how much of TeX's memory you used:
 22 strings out of 476182
 598 string characters out of 5794612
 1922975 words of memory out of 5000000
 22122 multiletter control sequences out of 15000+600000
 558069 words of font info for 36 fonts, out of 8000000 for 9000
 14 hyphenation exceptions out of 8191
 19i,0n,29p,225b,17s stack positions out of 10000i,1000n,20000p,200000b,200000s
/Users/dannickstark/Documents/Uni/MA/MA-Thesis/thesis.tex:8:  ==> Fatal error occurred, no output PDF file produced!
